2026-01-22 21:48:16 - INFO - El programa ha iniciado
2026-01-22 21:48:26 - ERROR - Infinity polling: polling exited
2026-01-22 21:48:26 - ERROR - Break infinity polling
2026-01-22 21:48:29 - INFO - El programa ha iniciado
2026-01-22 21:56:18 - ERROR - Infinity polling: polling exited
2026-01-22 21:56:18 - ERROR - Break infinity polling
2026-01-22 21:56:21 - INFO - El programa ha iniciado
2026-01-22 21:56:32 - INFO - El programa ha iniciado
2026-01-22 21:57:08 - INFO - El programa ha iniciado
2026-01-22 21:57:08 - INFO - El programa ha iniciado
2026-01-22 21:57:08 - INFO - El programa ha iniciado
2026-01-22 21:57:09 - INFO - El programa ha iniciado
2026-01-22 21:57:09 - INFO - El programa ha iniciado
2026-01-22 21:57:10 - INFO - El programa ha iniciado
2026-01-22 21:57:10 - INFO - El programa ha iniciado
2026-01-22 21:57:10 - INFO - El programa ha iniciado
2026-01-22 21:57:11 - INFO - El programa ha iniciado
2026-01-22 21:57:11 - INFO - El programa ha iniciado
2026-01-22 21:57:11 - INFO - El programa ha iniciado
2026-01-22 21:57:12 - INFO - El programa ha iniciado
2026-01-22 21:57:12 - INFO - El programa ha iniciado
2026-01-22 21:57:12 - INFO - El programa ha iniciado
2026-01-22 21:57:13 - INFO - El programa ha iniciado
2026-01-22 21:57:13 - INFO - El programa ha iniciado
2026-01-22 21:57:13 - INFO - El programa ha iniciado
2026-01-22 21:57:14 - INFO - El programa ha iniciado
2026-01-22 21:57:14 - INFO - El programa ha iniciado
2026-01-22 21:57:14 - INFO - El programa ha iniciado
2026-01-22 21:57:15 - INFO - El programa ha iniciado
2026-01-22 21:57:15 - INFO - El programa ha iniciado
2026-01-22 21:57:15 - INFO - El programa ha iniciado
2026-01-22 21:57:16 - INFO - El programa ha iniciado
2026-01-22 21:57:16 - INFO - El programa ha iniciado
2026-01-22 21:57:16 - INFO - El programa ha iniciado
2026-01-22 21:57:17 - INFO - El programa ha iniciado
2026-01-22 21:57:17 - INFO - El programa ha iniciado
2026-01-22 21:57:17 - INFO - El programa ha iniciado
2026-01-22 21:57:18 - INFO - El programa ha iniciado
2026-01-22 21:57:18 - INFO - El programa ha iniciado
2026-01-22 21:57:18 - INFO - El programa ha iniciado
2026-01-22 21:57:19 - INFO - El programa ha iniciado
2026-01-22 21:57:19 - INFO - El programa ha iniciado
2026-01-22 21:57:19 - INFO - El programa ha iniciado
2026-01-22 21:57:20 - INFO - El programa ha iniciado
2026-01-22 21:57:20 - INFO - El programa ha iniciado
2026-01-22 21:57:20 - INFO - El programa ha iniciado
2026-01-22 21:57:21 - INFO - El programa ha iniciado
2026-01-22 21:57:21 - INFO - El programa ha iniciado
2026-01-22 21:57:21 - INFO - El programa ha iniciado
2026-01-22 21:57:22 - INFO - El programa ha iniciado
2026-01-22 21:57:22 - INFO - El programa ha iniciado
2026-01-22 21:57:22 - INFO - El programa ha iniciado
2026-01-22 21:57:23 - INFO - El programa ha iniciado
2026-01-22 21:57:23 - INFO - El programa ha iniciado
2026-01-22 21:57:23 - INFO - El programa ha iniciado
2026-01-22 21:57:24 - INFO - El programa ha iniciado
2026-01-22 21:57:24 - INFO - El programa ha iniciado
2026-01-22 21:57:24 - INFO - El programa ha iniciado
2026-01-22 21:57:25 - INFO - El programa ha iniciado
2026-01-22 21:57:25 - INFO - El programa ha iniciado
2026-01-22 21:57:26 - INFO - El programa ha iniciado
2026-01-22 21:57:26 - INFO - El programa ha iniciado
2026-01-22 21:57:26 - INFO - El programa ha iniciado
2026-01-22 21:57:27 - INFO - El programa ha iniciado
2026-01-22 21:57:27 - INFO - El programa ha iniciado
2026-01-22 21:57:27 - INFO - El programa ha iniciado
2026-01-22 21:57:28 - INFO - El programa ha iniciado
2026-01-22 21:57:28 - INFO - El programa ha iniciado
2026-01-22 21:57:28 - INFO - El programa ha iniciado
2026-01-22 21:57:29 - INFO - El programa ha iniciado
2026-01-22 21:57:29 - INFO - El programa ha iniciado
2026-01-22 21:57:29 - INFO - El programa ha iniciado
2026-01-22 21:57:30 - INFO - El programa ha iniciado
2026-01-22 21:57:30 - INFO - El programa ha iniciado
2026-01-22 21:57:30 - INFO - El programa ha iniciado
2026-01-22 21:57:31 - INFO - El programa ha iniciado
2026-01-22 21:57:31 - INFO - El programa ha iniciado
2026-01-22 21:57:31 - INFO - El programa ha iniciado
2026-01-22 21:57:32 - INFO - El programa ha iniciado
2026-01-22 21:57:32 - INFO - El programa ha iniciado
2026-01-22 21:57:32 - INFO - El programa ha iniciado
2026-01-22 21:57:33 - INFO - El programa ha iniciado
2026-01-22 21:57:33 - INFO - El programa ha iniciado
2026-01-22 21:57:34 - INFO - El programa ha iniciado
2026-01-22 21:57:34 - INFO - El programa ha iniciado
2026-01-22 21:57:34 - INFO - El programa ha iniciado
2026-01-22 21:57:35 - INFO - El programa ha iniciado
2026-01-22 21:57:35 - INFO - El programa ha iniciado
2026-01-22 21:57:35 - INFO - El programa ha iniciado
2026-01-22 21:57:36 - INFO - El programa ha iniciado
2026-01-22 21:57:36 - INFO - El programa ha iniciado
2026-01-22 21:57:37 - INFO - El programa ha iniciado
2026-01-22 21:57:37 - INFO - El programa ha iniciado
2026-01-22 21:57:37 - INFO - El programa ha iniciado
2026-01-22 21:57:38 - INFO - El programa ha iniciado
2026-01-22 21:57:38 - INFO - El programa ha iniciado
2026-01-22 21:57:38 - INFO - El programa ha iniciado
2026-01-22 21:57:38 - INFO - El programa ha iniciado
2026-01-22 21:57:39 - INFO - El programa ha iniciado
2026-01-22 21:57:39 - INFO - El programa ha iniciado
2026-01-22 21:57:39 - INFO - El programa ha iniciado
2026-01-22 21:57:40 - INFO - El programa ha iniciado
2026-01-22 21:57:40 - INFO - El programa ha iniciado
2026-01-22 21:57:40 - INFO - El programa ha iniciado
2026-01-22 21:57:41 - INFO - El programa ha iniciado
2026-01-22 21:57:41 - INFO - El programa ha iniciado
2026-01-22 21:57:41 - INFO - El programa ha iniciado
2026-01-22 21:57:42 - INFO - El programa ha iniciado
2026-01-22 21:57:42 - INFO - El programa ha iniciado
2026-01-22 21:57:42 - INFO - El programa ha iniciado
2026-01-22 21:57:43 - INFO - El programa ha iniciado
2026-01-22 21:57:43 - INFO - El programa ha iniciado
2026-01-22 21:57:43 - INFO - El programa ha iniciado
2026-01-22 21:57:44 - INFO - El programa ha iniciado
2026-01-22 21:57:44 - INFO - El programa ha iniciado
2026-01-22 21:57:44 - INFO - El programa ha iniciado
2026-01-22 21:57:45 - INFO - El programa ha iniciado
2026-01-22 21:57:45 - INFO - El programa ha iniciado
2026-01-22 21:57:45 - INFO - El programa ha iniciado
2026-01-22 21:57:46 - INFO - El programa ha iniciado
2026-01-22 21:57:46 - INFO - El programa ha iniciado
2026-01-22 21:57:47 - INFO - El programa ha iniciado
2026-01-22 21:57:47 - INFO - El programa ha iniciado
2026-01-22 21:57:47 - INFO - El programa ha iniciado
2026-01-22 21:57:48 - INFO - El programa ha iniciado
2026-01-22 21:57:48 - INFO - El programa ha iniciado
2026-01-22 21:57:48 - INFO - El programa ha iniciado
2026-01-22 21:57:49 - INFO - El programa ha iniciado
2026-01-22 21:57:49 - INFO - El programa ha iniciado
2026-01-22 21:57:49 - INFO - El programa ha iniciado
2026-01-22 21:57:49 - INFO - El programa ha iniciado
2026-01-22 21:57:50 - INFO - El programa ha iniciado
2026-01-22 21:59:13 - INFO - El programa ha iniciado
2026-01-22 21:59:13 - INFO - El programa ha iniciado
2026-01-22 21:59:14 - INFO - El programa ha iniciado
2026-01-22 21:59:14 - INFO - El programa ha iniciado
2026-01-22 21:59:15 - INFO - El programa ha iniciado
2026-01-22 21:59:15 - INFO - El programa ha iniciado
2026-01-22 21:59:15 - INFO - El programa ha iniciado
2026-01-22 21:59:16 - INFO - El programa ha iniciado
2026-01-22 21:59:16 - INFO - El programa ha iniciado
2026-01-22 21:59:16 - INFO - El programa ha iniciado
2026-01-22 21:59:17 - INFO - El programa ha iniciado
2026-01-22 21:59:17 - INFO - El programa ha iniciado
2026-01-22 21:59:17 - INFO - El programa ha iniciado
2026-01-22 21:59:18 - INFO - El programa ha iniciado
2026-01-22 21:59:18 - INFO - El programa ha iniciado
2026-01-22 21:59:18 - INFO - El programa ha iniciado
2026-01-22 21:59:19 - INFO - El programa ha iniciado
2026-01-22 21:59:50 - INFO - El programa ha iniciado
2026-01-22 21:59:51 - INFO - El programa ha iniciado
2026-01-22 21:59:53 - INFO - El programa ha iniciado
2026-01-22 21:59:53 - INFO - El programa ha iniciado
2026-01-22 21:59:54 - INFO - El programa ha iniciado
2026-01-22 21:59:54 - INFO - El programa ha iniciado
2026-01-22 21:59:54 - INFO - El programa ha iniciado
2026-01-22 21:59:55 - INFO - El programa ha iniciado
2026-01-22 21:59:55 - INFO - El programa ha iniciado
2026-01-22 21:59:55 - INFO - El programa ha iniciado
2026-01-22 21:59:56 - INFO - El programa ha iniciado
2026-01-22 21:59:56 - INFO - El programa ha iniciado
2026-01-22 21:59:56 - INFO - El programa ha iniciado
2026-01-22 21:59:57 - INFO - El programa ha iniciado
2026-01-22 21:59:57 - INFO - El programa ha iniciado
2026-01-22 21:59:57 - INFO - El programa ha iniciado
2026-01-22 21:59:58 - INFO - El programa ha iniciado
2026-01-22 21:59:58 - INFO - El programa ha iniciado
2026-01-22 21:59:58 - INFO - El programa ha iniciado
2026-01-22 21:59:59 - INFO - El programa ha iniciado
2026-01-22 21:59:59 - INFO - El programa ha iniciado
2026-01-22 21:59:59 - INFO - El programa ha iniciado
2026-01-22 22:00:00 - INFO - El programa ha iniciado
2026-01-22 22:00:00 - INFO - El programa ha iniciado
2026-01-22 22:00:01 - INFO - El programa ha iniciado
2026-01-22 22:00:01 - INFO - El programa ha iniciado
2026-01-22 22:00:01 - INFO - El programa ha iniciado
2026-01-22 22:00:02 - INFO - El programa ha iniciado
2026-01-22 22:00:02 - INFO - El programa ha iniciado
2026-01-22 22:00:03 - INFO - El programa ha iniciado
2026-01-22 22:00:03 - INFO - El programa ha iniciado
2026-01-22 22:00:03 - INFO - El programa ha iniciado
2026-01-22 22:00:04 - INFO - El programa ha iniciado
2026-01-22 22:00:04 - INFO - El programa ha iniciado
2026-01-22 22:00:04 - INFO - El programa ha iniciado
2026-01-22 22:00:05 - INFO - El programa ha iniciado
2026-01-22 22:00:05 - INFO - El programa ha iniciado
2026-01-22 22:00:05 - INFO - El programa ha iniciado
2026-01-22 22:00:06 - INFO - El programa ha iniciado
2026-01-22 22:00:06 - INFO - El programa ha iniciado
2026-01-22 22:00:06 - INFO - El programa ha iniciado
2026-01-22 22:00:07 - INFO - El programa ha iniciado
2026-01-22 22:00:07 - INFO - El programa ha iniciado
2026-01-22 22:00:07 - INFO - El programa ha iniciado
2026-01-22 22:00:08 - INFO - El programa ha iniciado
2026-01-22 22:00:08 - INFO - El programa ha iniciado
2026-01-22 22:00:08 - INFO - El programa ha iniciado
2026-01-22 22:00:09 - INFO - El programa ha iniciado
2026-01-22 22:00:09 - INFO - El programa ha iniciado
2026-01-22 22:00:09 - INFO - El programa ha iniciado
2026-01-22 22:00:10 - INFO - El programa ha iniciado
2026-01-22 22:00:10 - INFO - El programa ha iniciado
2026-01-22 22:00:11 - INFO - El programa ha iniciado
2026-01-22 22:00:11 - INFO - El programa ha iniciado
2026-01-22 22:00:11 - INFO - El programa ha iniciado
2026-01-22 22:00:12 - INFO - El programa ha iniciado
2026-01-22 22:00:12 - INFO - El programa ha iniciado
2026-01-22 22:00:12 - INFO - El programa ha iniciado
2026-01-22 22:00:13 - INFO - El programa ha iniciado
2026-01-22 22:00:13 - INFO - El programa ha iniciado
2026-01-22 22:00:13 - INFO - El programa ha iniciado
2026-01-22 22:00:14 - INFO - El programa ha iniciado
2026-01-22 22:00:14 - INFO - El programa ha iniciado
2026-01-22 22:00:14 - INFO - El programa ha iniciado
2026-01-22 22:00:15 - INFO - El programa ha iniciado
2026-01-22 22:00:15 - INFO - El programa ha iniciado
2026-01-22 22:00:15 - INFO - El programa ha iniciado
2026-01-22 22:00:16 - INFO - El programa ha iniciado
2026-01-22 22:00:16 - INFO - El programa ha iniciado
2026-01-22 22:00:16 - INFO - El programa ha iniciado
2026-01-22 22:00:17 - INFO - El programa ha iniciado
2026-01-22 22:00:17 - INFO - El programa ha iniciado
2026-01-22 22:00:17 - INFO - El programa ha iniciado
2026-01-22 22:00:18 - INFO - El programa ha iniciado
2026-01-22 22:00:18 - INFO - El programa ha iniciado
2026-01-22 22:00:18 - INFO - El programa ha iniciado
2026-01-22 22:00:19 - INFO - El programa ha iniciado
2026-01-22 22:00:19 - INFO - El programa ha iniciado
2026-01-22 22:00:19 - INFO - El programa ha iniciado
2026-01-22 22:00:20 - INFO - El programa ha iniciado
2026-01-22 22:00:20 - INFO - El programa ha iniciado
2026-01-22 22:00:20 - INFO - El programa ha iniciado
2026-01-22 22:00:21 - INFO - El programa ha iniciado
2026-01-22 22:00:21 - INFO - El programa ha iniciado
2026-01-22 22:00:21 - INFO - El programa ha iniciado
2026-01-22 22:00:22 - INFO - El programa ha iniciado
2026-01-22 22:00:22 - INFO - El programa ha iniciado
2026-01-22 22:00:22 - INFO - El programa ha iniciado
2026-01-22 22:00:23 - INFO - El programa ha iniciado
2026-01-22 22:00:23 - INFO - El programa ha iniciado
2026-01-22 22:00:23 - INFO - El programa ha iniciado
2026-01-22 22:00:24 - INFO - El programa ha iniciado
2026-01-22 22:00:24 - INFO - El programa ha iniciado
2026-01-22 22:00:24 - INFO - El programa ha iniciado
2026-01-22 22:00:25 - INFO - El programa ha iniciado
2026-01-22 22:00:25 - INFO - El programa ha iniciado
2026-01-22 22:00:26 - INFO - El programa ha iniciado
2026-01-22 22:00:26 - INFO - El programa ha iniciado
2026-01-22 22:00:26 - INFO - El programa ha iniciado
2026-01-22 22:00:26 - INFO - El programa ha iniciado
2026-01-22 22:00:27 - INFO - El programa ha iniciado
2026-01-22 22:00:27 - INFO - El programa ha iniciado
2026-01-22 22:00:27 - INFO - El programa ha iniciado
2026-01-22 22:00:28 - INFO - El programa ha iniciado
2026-01-22 22:00:28 - INFO - El programa ha iniciado
2026-01-22 22:00:29 - INFO - El programa ha iniciado
2026-01-22 22:00:29 - INFO - El programa ha iniciado
2026-01-22 22:00:29 - INFO - El programa ha iniciado
2026-01-22 22:00:30 - INFO - El programa ha iniciado
2026-01-22 22:00:30 - INFO - El programa ha iniciado
2026-01-22 22:00:30 - INFO - El programa ha iniciado
2026-01-22 22:00:31 - INFO - El programa ha iniciado
2026-01-22 22:00:31 - INFO - El programa ha iniciado
2026-01-22 22:00:31 - INFO - El programa ha iniciado
2026-01-22 22:00:32 - INFO - El programa ha iniciado
2026-01-22 22:00:32 - INFO - El programa ha iniciado
2026-01-22 22:00:32 - INFO - El programa ha iniciado
2026-01-22 22:00:33 - INFO - El programa ha iniciado
2026-01-22 22:00:33 - INFO - El programa ha iniciado
2026-01-22 22:00:33 - INFO - El programa ha iniciado
2026-01-22 22:00:34 - INFO - El programa ha iniciado
2026-01-22 22:00:34 - INFO - El programa ha iniciado
2026-01-22 22:00:34 - INFO - El programa ha iniciado
2026-01-22 22:00:35 - INFO - El programa ha iniciado
2026-01-22 22:03:53 - INFO - El programa ha iniciado
2026-01-22 22:16:53 - ERROR - Infinity polling: polling exited
2026-01-22 22:16:53 - ERROR - Break infinity polling
2026-01-22 22:16:55 - INFO - El programa ha iniciado
2026-01-22 22:17:12 - ERROR - Infinity polling exception: name 'pritn' is not defined
2026-01-22 22:17:12 - ERROR - Exception traceback:
Traceback (most recent call last):
  File "/config/workspace/.venv/lib/python3.12/site-packages/telebot/__init__.py", line 1110, in infinity_polling
    self.polling(non_stop=True, timeout=timeout, long_polling_timeout=long_polling_timeout,
  File "/config/workspace/.venv/lib/python3.12/site-packages/telebot/__init__.py", line 1198, in polling
    self.__threaded_polling(non_stop=non_stop, interval=interval, timeout=timeout, long_polling_timeout=long_polling_timeout,
  File "/config/workspace/.venv/lib/python3.12/site-packages/telebot/__init__.py", line 1273, in __threaded_polling
    raise e
  File "/config/workspace/.venv/lib/python3.12/site-packages/telebot/__init__.py", line 1235, in __threaded_polling
    self.worker_pool.raise_exceptions()
  File "/config/workspace/.venv/lib/python3.12/site-packages/telebot/util.py", line 154, in raise_exceptions
    raise self.exception_info
  File "/config/workspace/.venv/lib/python3.12/site-packages/telebot/util.py", line 97, in run
    task(*args, **kwargs)
  File "/config/workspace/.venv/lib/python3.12/site-packages/telebot/__init__.py", line 10134, in _run_middlewares_and_handler
    result = handler['function'](message)
             ^^^^^^^^^^^^^^^^^^^^^^^^^^^^
  File "/config/workspace/UnitFlow_bot/src/handlers.py", line 20, in <lambda>
    lambda m: process_convertions(m, bot),
              ^^^^^^^^^^^^^^^^^^^^^^^^^^^
  File "/config/workspace/UnitFlow_bot/src/handlers.py", line 10, in process_convertions
    data = conversions.start_conversion(to_convert)
           ^^^^^^^^^^^^^^^^^^^^^^^^^^^^^^^^^^^^^^^^
  File "/config/workspace/UnitFlow_bot/src/conversions.py", line 5, in start_conversion
    pritn(f"IN convertion {to_convert}")
    ^^^^^
NameError: name 'pritn' is not defined. Did you mean: 'print'?

2026-01-22 22:17:45 - ERROR - Infinity polling: polling exited
2026-01-22 22:17:45 - ERROR - Break infinity polling
2026-01-22 22:17:47 - INFO - El programa ha iniciado
2026-01-22 22:17:56 - ERROR - Infinity polling exception: unsupported operand type(s) for /: 'str' and 'int'
2026-01-22 22:17:56 - ERROR - Exception traceback:
Traceback (most recent call last):
  File "/config/workspace/.venv/lib/python3.12/site-packages/telebot/__init__.py", line 1110, in infinity_polling
    self.polling(non_stop=True, timeout=timeout, long_polling_timeout=long_polling_timeout,
  File "/config/workspace/.venv/lib/python3.12/site-packages/telebot/__init__.py", line 1198, in polling
    self.__threaded_polling(non_stop=non_stop, interval=interval, timeout=timeout, long_polling_timeout=long_polling_timeout,
  File "/config/workspace/.venv/lib/python3.12/site-packages/telebot/__init__.py", line 1273, in __threaded_polling
    raise e
  File "/config/workspace/.venv/lib/python3.12/site-packages/telebot/__init__.py", line 1235, in __threaded_polling
    self.worker_pool.raise_exceptions()
  File "/config/workspace/.venv/lib/python3.12/site-packages/telebot/util.py", line 154, in raise_exceptions
    raise self.exception_info
  File "/config/workspace/.venv/lib/python3.12/site-packages/telebot/util.py", line 97, in run
    task(*args, **kwargs)
  File "/config/workspace/.venv/lib/python3.12/site-packages/telebot/__init__.py", line 10134, in _run_middlewares_and_handler
    result = handler['function'](message)
             ^^^^^^^^^^^^^^^^^^^^^^^^^^^^
  File "/config/workspace/UnitFlow_bot/src/handlers.py", line 20, in <lambda>
    lambda m: process_convertions(m, bot),
              ^^^^^^^^^^^^^^^^^^^^^^^^^^^
  File "/config/workspace/UnitFlow_bot/src/handlers.py", line 10, in process_convertions
    data = conversions.start_conversion(to_convert)
           ^^^^^^^^^^^^^^^^^^^^^^^^^^^^^^^^^^^^^^^^
  File "/config/workspace/UnitFlow_bot/src/conversions.py", line 6, in start_conversion
    celsius_to_fahrenheit(to_convert)
  File "/config/workspace/UnitFlow_bot/src/conversions.py", line 11, in celsius_to_fahrenheit
    return (celsius * 9/5) + 32
        ~~~~~~~~~~~^~
TypeError: unsupported operand type(s) for /: 'str' and 'int'

2026-01-22 22:18:30 - ERROR - Infinity polling: polling exited
2026-01-22 22:18:30 - ERROR - Break infinity polling
2026-01-22 22:18:31 - INFO - El programa ha iniciado
2026-01-22 22:20:55 - ERROR - Infinity polling: polling exited
2026-01-22 22:20:55 - ERROR - Break infinity polling
2026-01-22 22:20:57 - INFO - El programa ha iniciado
2026-01-22 22:22:15 - ERROR - Infinity polling: polling exited
2026-01-22 22:22:15 - ERROR - Break infinity polling
2026-01-22 22:22:17 - INFO - El programa ha iniciado
2026-01-22 22:24:05 - ERROR - Infinity polling: polling exited
2026-01-22 22:24:05 - ERROR - Break infinity polling
2026-01-24 11:59:03 - INFO - El programa ha iniciado
2026-01-24 11:59:03 - ERROR - Infinity polling exception: 'NoneType' object is not iterable
2026-01-24 11:59:03 - ERROR - Exception traceback:
Traceback (most recent call last):
  File "/config/workspace/.venv/lib/python3.12/site-packages/telebot/__init__.py", line 1110, in infinity_polling
    self.polling(non_stop=True, timeout=timeout, long_polling_timeout=long_polling_timeout,
  File "/config/workspace/.venv/lib/python3.12/site-packages/telebot/__init__.py", line 1198, in polling
    self.__threaded_polling(non_stop=non_stop, interval=interval, timeout=timeout, long_polling_timeout=long_polling_timeout,
  File "/config/workspace/.venv/lib/python3.12/site-packages/telebot/__init__.py", line 1273, in __threaded_polling
    raise e
  File "/config/workspace/.venv/lib/python3.12/site-packages/telebot/__init__.py", line 1235, in __threaded_polling
    self.worker_pool.raise_exceptions()
  File "/config/workspace/.venv/lib/python3.12/site-packages/telebot/util.py", line 154, in raise_exceptions
    raise self.exception_info
  File "/config/workspace/.venv/lib/python3.12/site-packages/telebot/util.py", line 97, in run
    task(*args, **kwargs)
  File "/config/workspace/.venv/lib/python3.12/site-packages/telebot/__init__.py", line 10134, in _run_middlewares_and_handler
    result = handler['function'](message)
             ^^^^^^^^^^^^^^^^^^^^^^^^^^^^
  File "/config/workspace/UnitFlow_bot/src/handlers.py", line 20, in <lambda>
    lambda m: get_msg_and_process(m, bot),
              ^^^^^^^^^^^^^^^^^^^^^^^^^^^
  File "/config/workspace/UnitFlow_bot/src/handlers.py", line 9, in get_msg_and_process
    to_convert = utils.start_parser(text)
                 ^^^^^^^^^^^^^^^^^^^^^^^^
  File "/config/workspace/UnitFlow_bot/src/utils.py", line 25, in start_parser
    valid_unit = get_unit(match)
             ^^^^^^^^^^^^^^^
  File "/config/workspace/UnitFlow_bot/src/utils.py", line 15, in get_unit
    for group in match:
TypeError: 'NoneType' object is not iterable

2026-01-24 12:00:26 - ERROR - Infinity polling: polling exited
2026-01-24 12:00:26 - ERROR - Break infinity polling
2026-01-24 12:00:28 - INFO - El programa ha iniciado
2026-01-24 12:01:10 - ERROR - Infinity polling exception: 'bool' object is not subscriptable
2026-01-24 12:01:10 - ERROR - Exception traceback:
Traceback (most recent call last):
  File "/config/workspace/.venv/lib/python3.12/site-packages/telebot/__init__.py", line 1110, in infinity_polling
    self.polling(non_stop=True, timeout=timeout, long_polling_timeout=long_polling_timeout,
  File "/config/workspace/.venv/lib/python3.12/site-packages/telebot/__init__.py", line 1198, in polling
    self.__threaded_polling(non_stop=non_stop, interval=interval, timeout=timeout, long_polling_timeout=long_polling_timeout,
  File "/config/workspace/.venv/lib/python3.12/site-packages/telebot/__init__.py", line 1273, in __threaded_polling
    raise e
  File "/config/workspace/.venv/lib/python3.12/site-packages/telebot/__init__.py", line 1235, in __threaded_polling
    self.worker_pool.raise_exceptions()
  File "/config/workspace/.venv/lib/python3.12/site-packages/telebot/util.py", line 154, in raise_exceptions
    raise self.exception_info
  File "/config/workspace/.venv/lib/python3.12/site-packages/telebot/util.py", line 97, in run
    task(*args, **kwargs)
  File "/config/workspace/.venv/lib/python3.12/site-packages/telebot/__init__.py", line 10134, in _run_middlewares_and_handler
    result = handler['function'](message)
             ^^^^^^^^^^^^^^^^^^^^^^^^^^^^
  File "/config/workspace/UnitFlow_bot/src/handlers.py", line 20, in <lambda>
    lambda m: get_msg_and_process(m, bot),
              ^^^^^^^^^^^^^^^^^^^^^^^^^^^
  File "/config/workspace/UnitFlow_bot/src/handlers.py", line 10, in get_msg_and_process
    data = conversions.start_conversion(to_convert)
           ^^^^^^^^^^^^^^^^^^^^^^^^^^^^^^^^^^^^^^^^
  File "/config/workspace/UnitFlow_bot/src/conversions.py", line 6, in start_conversion
    return celsius_to_fahrenheit(to_convert)
           ^^^^^^^^^^^^^^^^^^^^^^^^^^^^^^^^^
  File "/config/workspace/UnitFlow_bot/src/conversions.py", line 10, in celsius_to_fahrenheit
    celsius = to_convert[0]
              ~~~~~~~~~~^^^
TypeError: 'bool' object is not subscriptable

2026-01-24 12:03:57 - ERROR - Infinity polling: polling exited
2026-01-24 12:03:57 - ERROR - Break infinity polling
2026-01-24 12:03:59 - INFO - El programa ha iniciado
2026-01-24 12:04:54 - ERROR - Infinity polling: polling exited
2026-01-24 12:04:54 - ERROR - Break infinity polling
2026-01-24 12:05:26 - INFO - El programa ha iniciado
2026-01-24 12:06:01 - ERROR - Infinity polling: polling exited
2026-01-24 12:06:01 - ERROR - Break infinity polling
2026-01-24 12:06:02 - INFO - El programa ha iniciado
2026-01-24 12:27:08 - ERROR - Infinity polling: polling exited
2026-01-24 12:27:08 - ERROR - Break infinity polling
2026-01-24 12:27:10 - INFO - El programa ha iniciado
2026-01-24 12:32:13 - ERROR - Infinity polling: polling exited
2026-01-24 12:32:13 - ERROR - Break infinity polling
2026-01-24 12:32:15 - INFO - El programa ha iniciado
2026-01-24 12:32:22 - ERROR - Infinity polling exception: groups() takes at most 1 argument (2 given)
2026-01-24 12:32:22 - ERROR - Exception traceback:
Traceback (most recent call last):
  File "/config/workspace/.venv/lib/python3.12/site-packages/telebot/__init__.py", line 1110, in infinity_polling
    self.polling(non_stop=True, timeout=timeout, long_polling_timeout=long_polling_timeout,
  File "/config/workspace/.venv/lib/python3.12/site-packages/telebot/__init__.py", line 1198, in polling
    self.__threaded_polling(non_stop=non_stop, interval=interval, timeout=timeout, long_polling_timeout=long_polling_timeout,
  File "/config/workspace/.venv/lib/python3.12/site-packages/telebot/__init__.py", line 1273, in __threaded_polling
    raise e
  File "/config/workspace/.venv/lib/python3.12/site-packages/telebot/__init__.py", line 1235, in __threaded_polling
    self.worker_pool.raise_exceptions()
  File "/config/workspace/.venv/lib/python3.12/site-packages/telebot/util.py", line 154, in raise_exceptions
    raise self.exception_info
  File "/config/workspace/.venv/lib/python3.12/site-packages/telebot/util.py", line 97, in run
    task(*args, **kwargs)
  File "/config/workspace/.venv/lib/python3.12/site-packages/telebot/__init__.py", line 10134, in _run_middlewares_and_handler
    result = handler['function'](message)
             ^^^^^^^^^^^^^^^^^^^^^^^^^^^^
  File "/config/workspace/UnitFlow_bot/src/handlers.py", line 20, in <lambda>
    lambda m: get_msg_and_process(m, bot),
              ^^^^^^^^^^^^^^^^^^^^^^^^^^^
  File "/config/workspace/UnitFlow_bot/src/handlers.py", line 9, in get_msg_and_process
    to_convert = utils.start_parser(text)
                 ^^^^^^^^^^^^^^^^^^^^^^^^
  File "/config/workspace/UnitFlow_bot/src/utils.py", line 29, in start_parser
    valid_unit = get_unit(match.groups(1, 2))
                      ^^^^^^^^^^^^^^^^^^
TypeError: groups() takes at most 1 argument (2 given)

2026-01-24 12:33:57 - ERROR - Infinity polling: polling exited
2026-01-24 12:33:57 - ERROR - Break infinity polling
2026-01-24 12:34:00 - INFO - El programa ha iniciado
2026-01-24 12:35:39 - ERROR - Infinity polling: polling exited
2026-01-24 12:35:39 - ERROR - Break infinity polling
2026-01-24 12:35:42 - INFO - El programa ha iniciado
2026-01-24 12:41:26 - ERROR - Infinity polling: polling exited
2026-01-24 12:41:26 - ERROR - Break infinity polling
2026-01-24 12:41:28 - INFO - El programa ha iniciado
2026-01-24 12:42:32 - ERROR - Infinity polling: polling exited
2026-01-24 12:42:32 - ERROR - Break infinity polling
